<?xml version="1.0" encoding="UTF-8"?>
<testng-results ignored="0" total="1" passed="1" failed="0" skipped="0">
  <reporter-output>
  </reporter-output>
  <suite started-at="2023-06-16T16:10:46 IST" name="Default suite" finished-at="2023-06-16T16:10:56 IST" duration-ms="10252">
    <groups>
    </groups>
    <test started-at="2023-06-16T16:10:46 IST" name="Default test" finished-at="2023-06-16T16:10:56 IST" duration-ms="10252">
      <class name="study.CheckLogin">
        <test-method signature="checkValidUser()[pri:0, instance:study.CheckLogin@5a56cdac]" started-at="2023-06-16T16:10:46 IST" name="checkValidUser" finished-at="2023-06-16T16:10:56 IST" duration-ms="10191" status="PASS">
          <reporter-output>
          </reporter-output>
        </test-method> <!-- checkValidUser -->
      </class> <!-- study.CheckLogin -->
    </test> <!-- Default test -->
  </suite> <!-- Default suite -->
</testng-results>
