<?xml version="1.0" encoding="UTF-8"?>
<testng-results ignored="0" total="3" passed="3" failed="0" skipped="0">
  <reporter-output>
  </reporter-output>
  <suite started-at="2023-09-13T18:54:39 IST" name="Suite" finished-at="2023-09-13T18:55:00 IST" duration-ms="21118">
    <groups>
    </groups>
    <test started-at="2023-09-13T18:54:39 IST" name="Test1" finished-at="2023-09-13T18:55:00 IST" duration-ms="21118">
      <class name="testNG.Obsqura_Logo">
        <test-method signature="logoTest()[pri:0, instance:testNG.Obsqura_Logo@54a7079e]" started-at="2023-09-13T18:54:39 IST" name="logoTest" finished-at="2023-09-13T18:54:48 IST" duration-ms="9426" status="PASS">
          <reporter-output>
          </reporter-output>
        </test-method> <!-- logoTest -->
      </class> <!-- testNG.Obsqura_Logo -->
      <class name="testNG.Google_Test">
        <test-method signature="googleTest()[pri:0, instance:testNG.Google_Test@194bcebf]" started-at="2023-09-13T18:54:39 IST" name="googleTest" finished-at="2023-09-13T18:54:48 IST" duration-ms="8900" status="PASS">
          <reporter-output>
          </reporter-output>
        </test-method> <!-- googleTest -->
      </class> <!-- testNG.Google_Test -->
      <class name="testNG.QALegend_Login">
        <test-method signature="logoTest(java.lang.String,java.lang.String)[pri:0, instance:testNG.QALegend_Login@26e356f0]" started-at="2023-09-13T18:54:39 IST" name="logoTest" finished-at="2023-09-13T18:55:00 IST" duration-ms="21079" status="PASS">
          <params>
            <param index="0">
              <value>
                <![CDATA[admin]]>
              </value>
            </param>
            <param index="1">
              <value>
                <![CDATA[123456]]>
              </value>
            </param>
          </params>
          <reporter-output>
          </reporter-output>
        </test-method> <!-- logoTest -->
      </class> <!-- testNG.QALegend_Login -->
    </test> <!-- Test1 -->
  </suite> <!-- Suite -->
</testng-results>
