<?xml version="1.0" encoding="UTF-8"?>
<!-- Generated by org.testng.reporters.JUnitXMLReporter -->
<testsuite ignored="0" hostname="LAPTOP-2LR20BM8" failures="0" tests="3" name="Test2" time="0.06" errors="0" timestamp="2023-06-02T20:57:27 IST">
  <testcase classname="testNG.Parallel_Execution2" name="testMethod4" time="0.009"/>
  <testcase classname="testNG.Parallel_Execution2" name="testMethod5" time="0.0"/>
  <testcase classname="testNG.Parallel_Execution2" name="testMethod6" time="0.001"/>
</testsuite> <!-- Test2 -->
