<?xml version="1.0" encoding="UTF-8"?>
<!-- Generated by org.testng.reporters.JUnitXMLReporter -->
<testsuite ignored="0" hostname="LAPTOP-2LR20BM8" failures="0" tests="3" name="Test3" time="0.009" errors="0" timestamp="2023-06-02T20:57:27 IST">
  <testcase classname="testNG.Parallel_Execution3" name="testMethod7" time="0.001"/>
  <testcase classname="testNG.Parallel_Execution3" name="testMethod8" time="0.001"/>
  <testcase classname="testNG.Parallel_Execution3" name="testMethod9" time="0.001"/>
</testsuite> <!-- Test3 -->
