<?xml version="1.0" encoding="UTF-8"?>
<!-- Generated by org.testng.reporters.JUnitXMLReporter -->
<testsuite ignored="0" hostname="LAPTOP-2LR20BM8" failures="0" tests="3" name="Test1" time="14.403" errors="0" timestamp="2023-06-15T15:32:08 IST">
  <testcase classname="testNG.Google_Test" name="googleTest" time="10.733"/>
  <testcase classname="testNG.Obsqura_Logo" name="logoTest" time="10.884"/>
  <testcase classname="testNG.QALegend_Login" name="logoTest" time="14.347"/>
</testsuite> <!-- Test1 -->
