<?xml version="1.0" encoding="UTF-8"?>
<!-- Generated by org.testng.reporters.JUnitXMLReporter -->
<testsuite ignored="0" hostname="LAPTOP-2LR20BM8" failures="0" tests="3" name="Test1" time="21.118" errors="0" timestamp="2023-09-13T18:55:00 IST">
  <testcase classname="testNG.Google_Test" name="googleTest" time="8.9"/>
  <testcase classname="testNG.Obsqura_Logo" name="logoTest" time="9.426"/>
  <testcase classname="testNG.QALegend_Login" name="logoTest" time="21.079"/>
</testsuite> <!-- Test1 -->
